Call  ,2008/01/09 17:23:27.995,"/index.html","/s2jsf-example","unknown","unknown","AP-Server","unknown","","/index.html"
<<javelin.Return_START>>
text/html;charset=Windows-31j
<<javelin.Return_END>>
<<javelin.JMXInfo_START>>
thread.currentThreadCpuTime = 1156250000
thread.currentThreadUserTime = 1031250000
thread.threadInfo.blockedTime = 0
thread.threadInfo.blockedCount = 23
thread.threadInfo.waitedTime = 0
thread.threadInfo.waitedCount = 1
garbageCollector.collectionCount = 11
garbageCollector.collectionTime = 1253
memoryPool.peakUsage.usage = 114673304
thread.currentThreadCpuTime.delta = 875000000
thread.currentThreadUserTime.delta = 812500000
garbageCollector.collectionCount.delta = 0
garbageCollector.collectionTime.delta = 413
memoryPool.peakUsage.usage.delta = 6941816
<<javelin.JMXInfo_END>>
<<javelin.ExtraInfo_START>>
duration = 1000
file.currentFileReadLength = 1001
file.currentFileWriteLength = 0
net.currentThreadReadLength = 0
net.currentThreadWriteLength = 0
<<javelin.ExtraInfo_END>>
Call  ,2008/01/09 17:23:27.995,"/index.html","/s2jsf-example","unknown","unknown","AP-Server","unknown","","/index.html"
<<javelin.Return_START>>
text/html;charset=Windows-31j
<<javelin.Return_END>>
<<javelin.JMXInfo_START>>
thread.currentThreadCpuTime = 1156250000
thread.currentThreadUserTime = 1031250000
thread.threadInfo.blockedTime = 0
thread.threadInfo.blockedCount = 23
thread.threadInfo.waitedTime = 0
thread.threadInfo.waitedCount = 1
garbageCollector.collectionCount = 11
garbageCollector.collectionTime = 1253
memoryPool.peakUsage.usage = 114673304
thread.currentThreadCpuTime.delta = 875000000
thread.currentThreadUserTime.delta = 812500000
garbageCollector.collectionCount.delta = 0
garbageCollector.collectionTime.delta = 413
memoryPool.peakUsage.usage.delta = 6941816
<<javelin.JMXInfo_END>>
<<javelin.ExtraInfo_START>>
duration = 1000
file.currentFileReadLength = 1001
file.currentFileWriteLength = 0
net.currentThreadReadLength = 0
net.currentThreadWriteLength = 0
<<javelin.ExtraInfo_END>>
Call  ,2007/11/16 17:56:41.968,"SELECT DEPT.deptno, DEPT.dname, DEPT.loc, DEPT.versionno FROM DEPT","jdbc:oracle:thin:@localhost:1521:orcl","unknown","getAllDepartments","examples.jsf.dao.DepartmentDtoDao","unknown","","/employee/employeeSearch.html"
<<javelin.Args_START>>
args[0] = [Time] 50
args[1] = [SQL] SELECT DEPT.deptno, DEPT.dname, DEPT.loc, DEPT.versionno FROM DEPT
args[2] = [PLAN] Plan hash value: 3383998547
 
--------------------------------------------------------------------------
| Id  | Operation         | Name | Rows  | Bytes | Cost (%CPU)| Time     |
--------------------------------------------------------------------------
|   0 | SELECT STATEMENT  |      |     4 |    88 |     3   (0)| 00:00:01 |
|   1 |  TABLE ACCESS FULL| DEPT |     4 |    88 |     3   (0)| 00:00:01 |
--------------------------------------------------------------------------

<<javelin.Args_END>>
Call  ,2007/11/16 17:56:41.968,"SELECT DEPT.deptno, DEPT.dname, DEPT.loc, DEPT.versionno FROM DEPT","jdbc:oracle:thin:@localhost:1521:orcl","unknown","getAllDepartments","examples.jsf.dao.DepartmentDtoDao","unknown","","/employee/employeeSearch.html"
<<javelin.Args_START>>
args[0] = [Time] 25
args[1] = [SQL] SELECT DEPT.deptno, DEPT.dname, DEPT.loc, DEPT.versionno FROM DEPT
args[2] = [PLAN] Plan hash value: 3383998547
 
--------------------------------------------------------------------------
| Id  | Operation         | Name | Rows  | Bytes | Cost (%CPU)| Time     |
--------------------------------------------------------------------------
|   0 | SELECT STATEMENT  |      |     4 |    88 |     3   (0)| 00:00:01 |
|   1 |  TABLE ACCESS FULL| DEPT |     4 |    88 |     3   (0)| 00:00:01 |
--------------------------------------------------------------------------

<<javelin.Args_END>>
Call  ,2007/11/16 17:56:41.968,"SELECT DEPT.deptno, DEPT.dname, DEPT.loc, DEPT.versionno FROM DEPT","jdbc:oracle:thin:@localhost:1521:orcl","unknown","getAllDepartments","examples.jsf.dao.DepartmentDtoDao","unknown","","/employee/employeeSearch.html"
<<javelin.Args_START>>
args[0] = [Time] 50
args[1] = [SQL] SELECT DEPT.deptno, DEPT.dname, DEPT.loc, DEPT.versionno FROM DEPT
args[2] = [PLAN] Plan hash value: 3383998547
 
--------------------------------------------------------------------------
| Id  | Operation         | Name | Rows  | Bytes | Cost (%CPU)| Time     |
--------------------------------------------------------------------------
|   0 | SELECT STATEMENT  |      |     4 |    88 |     3   (0)| 00:00:01 |
|   1 |  TABLE ACCESS FULL| DEPT |     4 |    88 |     3   (0)| 00:00:01 |
--------------------------------------------------------------------------

<<javelin.Args_END>>
Call  ,2007/11/16 17:56:41.968,"SELECT DEPT.deptno, DEPT.dname, DEPT.loc, DEPT.versionno FROM DEPT","jdbc:oracle:thin:@localhost:1521:orcl","unknown","getAllDepartments","examples.jsf.dao.DepartmentDtoDao","unknown","","/employee/employeeSearch.html"
<<javelin.Args_START>>
args[0] = [Time] 25
args[1] = [SQL] SELECT DEPT.deptno, DEPT.dname, DEPT.loc, DEPT.versionno FROM DEPT
args[2] = [PLAN] Plan hash value: 3383998547
 
--------------------------------------------------------------------------
| Id  | Operation         | Name | Rows  | Bytes | Cost (%CPU)| Time     |
--------------------------------------------------------------------------
|   0 | SELECT STATEMENT  |      |     4 |    88 |     3   (0)| 00:00:01 |
|   1 |  TABLE ACCESS FULL| DEPT |     4 |    88 |     3   (0)| 00:00:01 |
--------------------------------------------------------------------------

<<javelin.Args_END>>
Call  ,2007/11/16 17:56:41.968,"SELECT DEPT.deptno, DEPT.dname, DEPT.loc, DEPT.versionno FROM DEPT","jdbc:oracle:thin:@localhost:1521:orcl","unknown","getAllDepartments","examples.jsf.dao.DepartmentDtoDao","unknown","","/employee/employeeSearch.html"
<<javelin.Args_START>>
args[0] = [Time] 25
args[1] = [SQL] SELECT DEPT.deptno, DEPT.dname, DEPT.loc, DEPT.versionno FROM DEPT
args[2] = [PLAN] Plan hash value: 3383998547
 
--------------------------------------------------------------------------
| Id  | Operation         | Name | Rows  | Bytes | Cost (%CPU)| Time     |
--------------------------------------------------------------------------
|   0 | SELECT STATEMENT  |      |     4 |    88 |     3   (0)| 00:00:01 |
|   1 |  TABLE ACCESS FULL| DEPT |     4 |    88 |     3   (0)| 00:00:01 |
--------------------------------------------------------------------------

<<javelin.Args_END>>
Call  ,2007/11/16 17:56:41.968,"SELECT DEPT.deptno, DEPT.dname, DEPT.loc, DEPT.versionno FROM DEPT","jdbc:oracle:thin:@localhost:1521:orcl","unknown","getAllDepartments","examples.jsf.dao.DepartmentDtoDao","unknown","","/employee/employeeSearch.html"
<<javelin.Args_START>>
args[0] = [Time] 25
args[1] = [SQL] SELECT DEPT.deptno, DEPT.dname, DEPT.loc, DEPT.versionno FROM DEPT
args[2] = [PLAN] Plan hash value: 3383998547
 
--------------------------------------------------------------------------
| Id  | Operation         | Name | Rows  | Bytes | Cost (%CPU)| Time     |
--------------------------------------------------------------------------
|   0 | SELECT STATEMENT  |      |     4 |    88 |     3   (0)| 00:00:01 |
|   1 |  TABLE ACCESS FULL| DEPT |     4 |    88 |     3   (0)| 00:00:01 |
--------------------------------------------------------------------------

<<javelin.Args_END>>
