Call  ,2007/11/16 17:56:41.968,"SELECT DEPT.deptno, DEPT.dname, DEPT.loc, DEPT.versionno FROM DEPT","jdbc:oracle:thin:@localhost:1521:orcl","unknown","getAllDepartments","examples.jsf.dao.DepartmentDtoDao","unknown","","/employee/employeeSearch.html"
<<javelin.Args_START>>
args[0] = [Time] 499
args[1] = [SQL] SELECT DEPT.deptno, DEPT.dname, DEPT.loc, DEPT.versionno FROM DEPT
args[2] = [PLAN] Plan hash value: 3383998547
 
--------------------------------------------------------------------------
| Id  | Operation         | Name | Rows  | Bytes | Cost (%CPU)| Time     |
--------------------------------------------------------------------------
|   0 | SELECT STATEMENT  |      |     4 |    88 |     3   (0)| 00:00:01 |
|   1 |  TABLE ACCESS FULL| DEPT |     4 |    88 |     3   (0)| 00:00:01 |
--------------------------------------------------------------------------

<<javelin.Args_END>>
